INFO_LOG 
 INFO
 source : App.js 
 
Connected to the questlog database  at 2025-05-30 15:51:30 
INFO
 source : App.js 
 started server on port 3100  at 2025-05-30 15:51:30 
INFO
 source : App.js 
 
Connected to the questlog database  at 2025-06-04 15:41:56 
INFO
 source : App.js 
 started server on port 3100  at 2025-06-04 15:41:56 
INFO
 source : App.js 
 
Connected to the questlog database  at 2025-06-04 15:57:52 
INFO
 source : App.js 
 started server on port 3100  at 2025-06-04 15:57:52 
INFO
 source : App.js 
 
Connected to the questlog database  at 2025-06-04 15:59:28 
INFO
 source : App.js 
 started server on port 3100  at 2025-06-04 15:59:28 
INFO
 source : App.js 
 
Connected to the questlog database  at 2025-06-04 16:01:00 
INFO
 source : App.js 
 started server on port 3100  at 2025-06-04 16:01:00 
INFO
 source : App.js 
 
Connected to the questlog database  at 2025-06-04 16:04:31 
INFO
 source : App.js 
 started server on port 3100  at 2025-06-04 16:04:31 
INFO
 source : App.js 
 
Connected to the questlog database  at 2025-06-04 16:20:20 
INFO
 source : App.js 
 started server on port 3100  at 2025-06-04 16:20:20 
INFO
 source : App.js 
 
Connected to the questlog database  at 2025-06-04 16:20:56 
INFO
 source : App.js 
 started server on port 3100  at 2025-06-04 16:20:56 
INFO
 source : App.js 
 
Connected to the questlog database  at 2025-06-04 16:54:24 
INFO
 source : App.js 
 started server on port 3100  at 2025-06-04 16:54:24 
INFO
 source : App.js 
 
Connected to the questlog database  at 2025-06-04 16:57:05 
INFO
 source : App.js 
 
Connected to the questlog database  at 2025-06-04 19:50:05 
INFO
 source : App.js 
 started server on port 3100  at 2025-06-04 19:50:05 
ERROR
 source : App.js 
 Failed to connect to the server: querySrv EREFUSED _mongodb._tcp.questlog.kdwqfs9.mongodb.net  at 2025-06-06 22:56:24 
INFO
 source : App.js 
 
Connected to the questlog database  at 2025-06-07 00:07:24 
INFO
 source : App.js 
 started server on port 3100  at 2025-06-07 00:07:24 
INFO
 source : App.js 
 
Connected to the questlog database  at 2025-06-07 00:22:31 
INFO
 source : App.js 
 started server on port 3100  at 2025-06-07 00:22:31 
INFO
 source : App.js 
 
Connected to the questlog database  at 2025-06-07 00:23:05 
INFO
 source : App.js 
 started server on port 3100  at 2025-06-07 00:23:05 
INFO
 source : App.js 
 
Connected to the questlog database  at 2025-06-07 00:33:38 
INFO
 source : App.js 
 started server on port 3100  at 2025-06-07 00:33:38 
INFO
 source : App.js 
 
Connected to the questlog database  at 2025-06-07 00:36:04 
INFO
 source : App.js 
 started server on port 3100  at 2025-06-07 00:36:04 
INFO
 source : App.js 
 
Connected to the questlog database  at 2025-06-07 00:37:45 
INFO
 source : App.js 
 started server on port 3100  at 2025-06-07 00:37:45 
INFO
 source : App.js 
 
Connected to the questlog database  at 2025-06-07 00:38:10 
INFO
 source : App.js 
 started server on port 3100  at 2025-06-07 00:38:10 
INFO
 source : App.js 
 
Connected to the questlog database  at 2025-06-07 00:38:46 
INFO
 source : App.js 
 started server on port 3100  at 2025-06-07 00:38:46 
INFO
 source : App.js 
 
Connected to the questlog database  at 2025-06-07 00:39:46 
INFO
 source : App.js 
 started server on port 3100  at 2025-06-07 00:39:46 
INFO
 source : App.js 
 
Connected to the questlog database  at 2025-06-07 00:40:25 
INFO
 source : App.js 
 started server on port 3100  at 2025-06-07 00:40:25 
INFO
 source : App.js 
 
Connected to the questlog database  at 2025-06-07 00:40:55 
INFO
 source : App.js 
 started server on port 3100  at 2025-06-07 00:40:55 
INFO
 source : App.js 
 
Connected to the questlog database  at 2025-06-07 00:41:23 
INFO
 source : App.js 
 started server on port 3100  at 2025-06-07 00:41:23 
INFO
 source : App.js 
 
Connected to the questlog database  at 2025-06-07 00:41:39 
INFO
 source : App.js 
 started server on port 3100  at 2025-06-07 00:41:39 
INFO
 source : App.js 
 
Connected to the questlog database  at 2025-06-07 00:42:46 
INFO
 source : App.js 
 started server on port 3100  at 2025-06-07 00:42:46 
INFO
 source : App.js 
 
Connected to the questlog database  at 2025-06-07 00:44:31 
INFO
 source : App.js 
 started server on port 3100  at 2025-06-07 00:44:31 
INFO
 source : App.js 
 
Connected to the questlog database  at 2025-06-07 00:46:02 
INFO
 source : App.js 
 started server on port 3100  at 2025-06-07 00:46:02 
INFO
 source : App.js 
 
Connected to the questlog database  at 2025-06-07 00:53:51 
INFO
 source : App.js 
 started server on port 3100  at 2025-06-07 00:53:51 
INFO
 source : App.js 
 
Connected to the questlog database  at 2025-06-07 00:54:33 
INFO
 source : App.js 
 started server on port 3100  at 2025-06-07 00:54:33 
INFO
 source : App.js 
 
Connected to the questlog database  at 2025-06-07 00:55:33 
INFO
 source : App.js 
 started server on port 3100  at 2025-06-07 00:55:33 
INFO
 source : App.js 
 
Connected to the questlog database  at 2025-06-07 00:56:23 
INFO
 source : App.js 
 started server on port 3100  at 2025-06-07 00:56:23 
INFO
 source : App.js 
 
Connected to the questlog database  at 2025-06-07 00:57:09 
INFO
 source : App.js 
 started server on port 3100  at 2025-06-07 00:57:09 
INFO
 source : App.js 
 
Connected to the questlog database  at 2025-06-07 00:57:46 
INFO
 source : App.js 
 started server on port 3100  at 2025-06-07 00:57:46 
INFO
 source : App.js 
 
Connected to the questlog database  at 2025-06-07 00:59:19 
INFO
 source : App.js 
 started server on port 3100  at 2025-06-07 00:59:19 
INFO
 source : App.js 
 
Connected to the questlog database  at 2025-06-07 00:59:56 
INFO
 source : App.js 
 started server on port 3100  at 2025-06-07 00:59:56 
INFO
 source : App.js 
 
Connected to the questlog database  at 2025-06-07 01:01:13 
INFO
 source : App.js 
 started server on port 3100  at 2025-06-07 01:01:13 
INFO
 source : App.js 
 
Connected to the questlog database  at 2025-06-07 01:02:19 
INFO
 source : App.js 
 started server on port 3100  at 2025-06-07 01:02:19 
INFO
 source : App.js 
 
Connected to the questlog database  at 2025-06-07 01:04:07 
INFO
 source : App.js 
 started server on port 3100  at 2025-06-07 01:04:07 
INFO
 source : App.js 
 
Connected to the questlog database  at 2025-06-07 01:09:56 
INFO
 source : App.js 
 started server on port 3100  at 2025-06-07 01:09:56 
INFO
 source : App.js 
 
Connected to the questlog database  at 2025-06-07 01:15:31 
INFO
 source : App.js 
 started server on port 3100  at 2025-06-07 01:15:31 
INFO
 source : App.js 
 
Connected to the questlog database  at 2025-06-07 01:16:34 
INFO
 source : App.js 
 started server on port 3100  at 2025-06-07 01:16:34 
INFO
 source : App.js 
 
Connected to the questlog database  at 2025-06-07 01:18:06 
INFO
 source : App.js 
 started server on port 3100  at 2025-06-07 01:18:06 
INFO
 source : App.js 
 
Connected to the questlog database  at 2025-06-07 01:19:54 
INFO
 source : App.js 
 started server on port 3100  at 2025-06-07 01:19:54 
INFO
 source : App.js 
 
Connected to the questlog database  at 2025-06-07 01:21:58 
INFO
 source : App.js 
 started server on port 3100  at 2025-06-07 01:21:58 
INFO
 source : App.js 
 
Connected to the questlog database  at 2025-06-07 01:22:43 
INFO
 source : App.js 
 started server on port 3100  at 2025-06-07 01:22:43 
